Copyright 1986-2022 Xilinx, Inc. All Rights Reserved. Copyright 2022-2024 Advanced Micro Devices, Inc. All Rights Reserved.
---------------------------------------------------------------------------------------------------------------------------------------------
| Tool Version : Vivado v.2024.2 (win64) Build 5239630 Fri Nov 08 22:35:27 MST 2024
| Date         : Tue Sep 23 16:46:24 2025
| Host         : ThinhNguyen running 64-bit major release  (build 9200)
| Command      : report_control_sets -verbose -file uart_top_control_sets_placed.rpt
| Design       : uart_top
| Device       : xc7a35t
---------------------------------------------------------------------------------------------------------------------------------------------

Control Set Information

Table of Contents
-----------------
1. Summary
2. Histogram
3. Flip-Flop Distribution
4. Detailed Control Set Information

1. Summary
----------

+----------------------------------------------------------+-------+
|                          Status                          | Count |
+----------------------------------------------------------+-------+
| Total control sets                                       |    10 |
|    Minimum number of control sets                        |    10 |
|    Addition due to synthesis replication                 |     0 |
|    Addition due to physical synthesis replication        |     0 |
| Unused register locations in slices containing registers |    31 |
+----------------------------------------------------------+-------+
* Control sets can be merged at opt_design using control_set_merge or merge_equivalent_drivers
** Run report_qor_suggestions for automated merging and remapping suggestions


2. Histogram
------------

+--------------------+-------+
|       Fanout       | Count |
+--------------------+-------+
| Total control sets |    10 |
| >= 0 to < 4        |     2 |
| >= 4 to < 6        |     3 |
| >= 6 to < 8        |     0 |
| >= 8 to < 10       |     3 |
| >= 10 to < 12      |     0 |
| >= 12 to < 14      |     0 |
| >= 14 to < 16      |     0 |
| >= 16              |     2 |
+--------------------+-------+
* Control sets can be remapped at either synth_design or opt_design


3. Flip-Flop Distribution
-------------------------

+--------------+-----------------------+------------------------+-----------------+--------------+
| Clock Enable | Synchronous Set/Reset | Asynchronous Set/Reset | Total Registers | Total Slices |
+--------------+-----------------------+------------------------+-----------------+--------------+
| No           | No                    | No                     |               2 |            1 |
| No           | No                    | Yes                    |               0 |            0 |
| No           | Yes                   | No                     |              73 |           31 |
| Yes          | No                    | No                     |               0 |            0 |
| Yes          | No                    | Yes                    |               0 |            0 |
| Yes          | Yes                   | No                     |              54 |           14 |
+--------------+-----------------------+------------------------+-----------------+--------------+


4. Detailed Control Set Information
-----------------------------------

+----------------+--------------------------+------------------+------------------+----------------+--------------+
|  Clock Signal  |       Enable Signal      | Set/Reset Signal | Slice Load Count | Bel Load Count | Bels / Slice |
+----------------+--------------------------+------------------+------------------+----------------+--------------+
|  clk_IBUF_BUFG | u_tx/tx_i_1_n_0          | rst_IBUF         |                1 |              1 |         1.00 |
|  clk_IBUF_BUFG |                          |                  |                1 |              2 |         2.00 |
|  clk_IBUF_BUFG | u_tx/bit_idx             | rst_IBUF         |                1 |              4 |         4.00 |
|  clk_IBUF_BUFG | u_rx/bit_idx             | rst_IBUF         |                1 |              4 |         4.00 |
|  clk_IBUF_BUFG | u_rx/samp_cnt            | rst_IBUF         |                1 |              5 |         5.00 |
|  clk_IBUF_BUFG | u_tx/shreg[7]_i_1__0_n_0 | rst_IBUF         |                1 |              8 |         8.00 |
|  clk_IBUF_BUFG | u_rx/data_valid_i_1_n_0  | rst_IBUF         |                2 |              8 |         4.00 |
|  clk_IBUF_BUFG | u_rx/shreg               | rst_IBUF         |                2 |              8 |         4.00 |
|  clk_IBUF_BUFG | u_rx/E[0]                | rst_IBUF         |                5 |             16 |         3.20 |
|  clk_IBUF_BUFG |                          | rst_IBUF         |               31 |             73 |         2.35 |
+----------------+--------------------------+------------------+------------------+----------------+--------------+


